<?xml version="1.0" encoding="UTF-8"?>
<!-- Generated by org.testng.reporters.JUnitXMLReporter -->
<testsuite ignored="0" hostname="LAPTOP-0062FF7B" failures="0" tests="4" name="Test" time="0.08" errors="0" timestamp="2022-07-27T16:14:23 IST">
  <testcase classname="Scripts.Test0" name="TestCase1" time="0.011"/>
  <testcase classname="Scripts.Test1" name="TestCase2" time="0.002"/>
  <testcase classname="Scripts.Test2" name="TestCase1" time="0.001"/>
  <testcase classname="Scripts.Test3" name="TestCase1" time="0.001"/>
</testsuite> <!-- Test -->
