<?xml version="1.0" encoding="UTF-8"?>
<testng-results ignored="0" total="4" passed="4" failed="0" skipped="0">
  <reporter-output>
    <line>
      <![CDATA[Hello Java]]>
    </line>
    <line>
      <![CDATA[Hello Selenium]]>
    </line>
    <line>
      <![CDATA[Hello Python]]>
    </line>
    <line>
      <![CDATA[Hello Java,Selenium,Python]]>
    </line>
  </reporter-output>
  <suite started-at="2022-07-27T17:11:54 IST" name="Suite" finished-at="2022-07-27T17:11:54 IST" duration-ms="109">
    <groups>
    </groups>
    <test started-at="2022-07-27T17:11:54 IST" name="Test" finished-at="2022-07-27T17:11:54 IST" duration-ms="109">
      <class name="Scripts.Test0">
        <test-method signature="TestCase1()[pri:0, instance:Scripts.Test0@15bbf42f]" started-at="2022-07-27T17:11:54 IST" name="TestCase1" finished-at="2022-07-27T17:11:54 IST" duration-ms="17" status="PASS">
          <reporter-output>
            <line>
              <![CDATA[Hello Java]]>
            </line>
          </reporter-output>
        </test-method> <!-- TestCase1 -->
      </class> <!-- Scripts.Test0 -->
      <class name="Scripts.Test1">
        <test-method signature="TestCase2()[pri:0, instance:Scripts.Test1@ea6147e]" started-at="2022-07-27T17:11:54 IST" name="TestCase2" finished-at="2022-07-27T17:11:54 IST" duration-ms="2" status="PASS">
          <reporter-output>
            <line>
              <![CDATA[Hello Selenium]]>
            </line>
          </reporter-output>
        </test-method> <!-- TestCase2 -->
      </class> <!-- Scripts.Test1 -->
      <class name="Scripts.Test2">
        <test-method signature="TestCase1()[pri:0, instance:Scripts.Test2@4d02f94e]" started-at="2022-07-27T17:11:54 IST" name="TestCase1" finished-at="2022-07-27T17:11:54 IST" duration-ms="3" status="PASS">
          <reporter-output>
            <line>
              <![CDATA[Hello Python]]>
            </line>
          </reporter-output>
        </test-method> <!-- TestCase1 -->
      </class> <!-- Scripts.Test2 -->
      <class name="Scripts.Test3">
        <test-method signature="TestCase1()[pri:0, instance:Scripts.Test3@2b48a640]" started-at="2022-07-27T17:11:54 IST" name="TestCase1" finished-at="2022-07-27T17:11:54 IST" duration-ms="3" status="PASS">
          <reporter-output>
            <line>
              <![CDATA[Hello Java,Selenium,Python]]>
            </line>
          </reporter-output>
        </test-method> <!-- TestCase1 -->
      </class> <!-- Scripts.Test3 -->
    </test> <!-- Test -->
  </suite> <!-- Suite -->
</testng-results>
