<?xml version="1.0" encoding="UTF-8"?>
<testng-results ignored="0" total="1" passed="1" failed="0" skipped="0">
  <reporter-output>
    <line>
      <![CDATA[Hello Java]]>
    </line>
  </reporter-output>
  <suite started-at="2022-08-02T11:06:08 IST" name="Default suite" finished-at="2022-08-02T11:06:08 IST" duration-ms="33">
    <groups>
    </groups>
    <test started-at="2022-08-02T11:06:08 IST" name="Default test" finished-at="2022-08-02T11:06:08 IST" duration-ms="33">
      <class name="Scripts.Test0">
        <test-method signature="TestCase1()[pri:0, instance:Scripts.Test0@22e357dc]" started-at="2022-08-02T11:06:08 IST" name="TestCase1" finished-at="2022-08-02T11:06:08 IST" duration-ms="7" status="PASS">
          <reporter-output>
            <line>
              <![CDATA[Hello Java]]>
            </line>
          </reporter-output>
        </test-method> <!-- TestCase1 -->
      </class> <!-- Scripts.Test0 -->
    </test> <!-- Default test -->
  </suite> <!-- Default suite -->
</testng-results>
